controls.obj : error LNK2019: glfwGetKey 외부 기호(참조 위치: "void __cdecl computeMatricesFromInputs(void)" (?computeMatricesFromInputs@@YAXXZ) 함수)에서 확인하지 못했습니다.
main.obj : error LNK2001: glfwGetKey 외부 기호를 확인할 수 없습니다.
controls.obj : error LNK2019: glfwGetCursorPos 외부 기호(참조 위치: "void __cdecl computeMatricesFromInputs(void)" (?computeMatricesFromInputs@@YAXXZ) 함수)에서 확인하지 못했습니다.
controls.obj : error LNK2019: glfwSetCursorPos 외부 기호(참조 위치: "void __cdecl computeMatricesFromInputs(void)" (?computeMatricesFromInputs@@YAXXZ) 함수)에서 확인하지 못했습니다.
main.obj : error LNK2001: glfwSetCursorPos 외부 기호를 확인할 수 없습니다.
controls.obj : error LNK2019: glfwGetTime 외부 기호(참조 위치: "void __cdecl computeMatricesFromInputs(void)" (?computeMatricesFromInputs@@YAXXZ) 함수)에서 확인하지 못했습니다.
main.obj : error LNK2019: __imp_glBindTexture 외부 기호(참조 위치: main 함수)에서 확인하지 못했습니다.
texture.obj : error LNK2001: __imp_glBindTexture 외부 기호를 확인할 수 없습니다.
main.obj : error LNK2019: __imp_glClear 외부 기호(참조 위치: main 함수)에서 확인하지 못했습니다.
main.obj : error LNK2019: __imp_glClearColor 외부 기호(참조 위치: main 함수)에서 확인하지 못했습니다.
main.obj : error LNK2019: __imp_glDeleteTextures 외부 기호(참조 위치: main 함수)에서 확인하지 못했습니다.
main.obj : error LNK2019: __imp_glDepthFunc 외부 기호(참조 위치: main 함수)에서 확인하지 못했습니다.
main.obj : error LNK2019: __imp_glDrawArrays 외부 기호(참조 위치: main 함수)에서 확인하지 못했습니다.
main.obj : error LNK2019: __imp_glEnable 외부 기호(참조 위치: main 함수)에서 확인하지 못했습니다.
main.obj : error LNK2019: __imp_glewInit 외부 기호(참조 위치: main 함수)에서 확인하지 못했습니다.
main.obj : error LNK2019: glfwInit 외부 기호(참조 위치: main 함수)에서 확인하지 못했습니다.
main.obj : error LNK2019: glfwTerminate 외부 기호(참조 위치: main 함수)에서 확인하지 못했습니다.
main.obj : error LNK2019: glfwWindowHint 외부 기호(참조 위치: main 함수)에서 확인하지 못했습니다.
main.obj : error LNK2019: glfwCreateWindow 외부 기호(참조 위치: main 함수)에서 확인하지 못했습니다.
main.obj : error LNK2019: glfwWindowShouldClose 외부 기호(참조 위치: main 함수)에서 확인하지 못했습니다.
main.obj : error LNK2019: glfwPollEvents 외부 기호(참조 위치: main 함수)에서 확인하지 못했습니다.
main.obj : error LNK2019: glfwSetInputMode 외부 기호(참조 위치: main 함수)에서 확인하지 못했습니다.
main.obj : error LNK2019: glfwMakeContextCurrent 외부 기호(참조 위치: main 함수)에서 확인하지 못했습니다.
main.obj : error LNK2019: glfwSwapBuffers 외부 기호(참조 위치: main 함수)에서 확인하지 못했습니다.
main.obj : error LNK2001: __imp___glewActiveTexture 외부 기호를 확인할 수 없습니다.
main.obj : error LNK2001: __imp___glewBindBuffer 외부 기호를 확인할 수 없습니다.
main.obj : error LNK2001: __imp___glewBufferData 외부 기호를 확인할 수 없습니다.
main.obj : error LNK2001: __imp___glewDeleteBuffers 외부 기호를 확인할 수 없습니다.
main.obj : error LNK2001: __imp___glewGenBuffers 외부 기호를 확인할 수 없습니다.
main.obj : error LNK2001: __imp___glewDeleteProgram 외부 기호를 확인할 수 없습니다.
main.obj : error LNK2001: __imp___glewDisableVertexAttribArray 외부 기호를 확인할 수 없습니다.
main.obj : error LNK2001: __imp___glewEnableVertexAttribArray 외부 기호를 확인할 수 없습니다.
main.obj : error LNK2001: __imp___glewGetUniformLocation 외부 기호를 확인할 수 없습니다.
main.obj : error LNK2001: __imp___glewUniform1i 외부 기호를 확인할 수 없습니다.
main.obj : error LNK2001: __imp___glewUniform3f 외부 기호를 확인할 수 없습니다.
main.obj : error LNK2001: __imp___glewUniformMatrix4fv 외부 기호를 확인할 수 없습니다.
main.obj : error LNK2001: __imp___glewUseProgram 외부 기호를 확인할 수 없습니다.
main.obj : error LNK2001: __imp___glewVertexAttribPointer 외부 기호를 확인할 수 없습니다.
main.obj : error LNK2001: __imp___glewBindVertexArray 외부 기호를 확인할 수 없습니다.
main.obj : error LNK2001: __imp___glewDeleteVertexArrays 외부 기호를 확인할 수 없습니다.
main.obj : error LNK2001: __imp___glewGenVertexArrays 외부 기호를 확인할 수 없습니다.
main.obj : error LNK2001: __imp_glewExperimental 외부 기호를 확인할 수 없습니다.
shader.obj : error LNK2001: __imp___glewAttachShader 외부 기호를 확인할 수 없습니다.
shader.obj : error LNK2001: __imp___glewCompileShader 외부 기호를 확인할 수 없습니다.
shader.obj : error LNK2001: __imp___glewCreateProgram 외부 기호를 확인할 수 없습니다.
shader.obj : error LNK2001: __imp___glewCreateShader 외부 기호를 확인할 수 없습니다.
shader.obj : error LNK2001: __imp___glewDeleteShader 외부 기호를 확인할 수 없습니다.
shader.obj : error LNK2001: __imp___glewDetachShader 외부 기호를 확인할 수 없습니다.
shader.obj : error LNK2001: __imp___glewGetProgramInfoLog 외부 기호를 확인할 수 없습니다.
shader.obj : error LNK2001: __imp___glewGetProgramiv 외부 기호를 확인할 수 없습니다.
shader.obj : error LNK2001: __imp___glewGetShaderInfoLog 외부 기호를 확인할 수 없습니다.
shader.obj : error LNK2001: __imp___glewGetShaderiv 외부 기호를 확인할 수 없습니다.
shader.obj : error LNK2001: __imp___glewLinkProgram 외부 기호를 확인할 수 없습니다.
shader.obj : error LNK2001: __imp___glewShaderSource 외부 기호를 확인할 수 없습니다.
texture.obj : error LNK2019: __imp_glGenTextures 외부 기호(참조 위치: "unsigned int __cdecl loadBMP_custom(char const *)" (?loadBMP_custom@@YAIPEBD@Z) 함수)에서 확인하지 못했습니다.
texture.obj : error LNK2019: __imp_glPixelStorei 외부 기호(참조 위치: "unsigned int __cdecl loadDDS(char const *)" (?loadDDS@@YAIPEBD@Z) 함수)에서 확인하지 못했습니다.
texture.obj : error LNK2019: __imp_glTexImage2D 외부 기호(참조 위치: "unsigned int __cdecl loadBMP_custom(char const *)" (?loadBMP_custom@@YAIPEBD@Z) 함수)에서 확인하지 못했습니다.
texture.obj : error LNK2019: __imp_glTexParameteri 외부 기호(참조 위치: "unsigned int __cdecl loadBMP_custom(char const *)" (?loadBMP_custom@@YAIPEBD@Z) 함수)에서 확인하지 못했습니다.
texture.obj : error LNK2001: __imp___glewCompressedTexImage2D 외부 기호를 확인할 수 없습니다.
texture.obj : error LNK2001: __imp___glewGenerateMipmap 외부 기호를 확인할 수 없습니다.
D:\CrossyRoad\Crossy-Road\Crossy Road - jjangsu\x64\Debug\Crossy Road.exe : fatal error LNK1120: 57개의 확인할 수 없는 외부 참조입니다.
