  Car.cpp
d:\crossyroad\crossy-road\crossyroad 2.0\crossyroad 2.0\car.cpp(31): warning C4244: '인수': 'double'에서 'GLfloat'(으)로 변환하면서 데이터가 손실될 수 있습니다.
  Character.cpp
  main.cpp
d:\crossyroad\crossy-road\crossyroad 2.0\crossyroad 2.0\global variable.h(24): warning C4305: '초기화 중': 'double'에서 'float'(으)로 잘립니다.
d:\crossyroad\crossy-road\crossyroad 2.0\crossyroad 2.0\global variable.h(99): warning C4305: '초기화 중': 'double'에서 'GLfloat'(으)로 잘립니다.
d:\crossyroad\crossy-road\crossyroad 2.0\crossyroad 2.0\global variable.h(100): warning C4305: '초기화 중': 'double'에서 'GLfloat'(으)로 잘립니다.
d:\crossyroad\crossy-road\crossyroad 2.0\crossyroad 2.0\global variable.h(101): warning C4305: '초기화 중': 'double'에서 'GLfloat'(으)로 잘립니다.
d:\crossyroad\crossy-road\crossyroad 2.0\crossyroad 2.0\main.cpp(108): warning C4305: '초기화 중': 'double'에서 'float'(으)로 잘립니다.
d:\crossyroad\crossy-road\crossyroad 2.0\crossyroad 2.0\main.cpp(336): warning C4244: '인수': 'int'에서 'float'(으)로 변환하면서 데이터가 손실될 수 있습니다.
d:\crossyroad\crossy-road\crossyroad 2.0\crossyroad 2.0\main.cpp(474): warning C4244: '초기화 중': 'float'에서 'int'(으)로 변환하면서 데이터가 손실될 수 있습니다.
d:\crossyroad\crossy-road\crossyroad 2.0\crossyroad 2.0\main.cpp(570): warning C4244: '초기화 중': 'float'에서 'int'(으)로 변환하면서 데이터가 손실될 수 있습니다.
  Obstacle.cpp
  Tile.cpp
d:\crossyroad\crossy-road\crossyroad 2.0\crossyroad 2.0\tile.cpp(100): warning C4244: '=': 'double'에서 'float'(으)로 변환하면서 데이터가 손실될 수 있습니다.
d:\crossyroad\crossy-road\crossyroad 2.0\crossyroad 2.0\tile.cpp(101): warning C4244: '=': 'double'에서 'float'(으)로 변환하면서 데이터가 손실될 수 있습니다.
d:\crossyroad\crossy-road\crossyroad 2.0\crossyroad 2.0\tile.cpp(102): warning C4244: '=': 'double'에서 'float'(으)로 변환하면서 데이터가 손실될 수 있습니다.
d:\crossyroad\crossy-road\crossyroad 2.0\crossyroad 2.0\tile.cpp(68): warning C4996: 'fopen': This function or variable may be unsafe. Consider using fopen_s instead. To disable deprecation, use _CRT_SECURE_NO_WARNINGS. See online help for details.
  c:\program files (x86)\windows kits\10\include\10.0.17134.0\ucrt\stdio.h(208): note: 'fopen' 선언을 참조하십시오.
d:\crossyroad\crossy-road\crossyroad 2.0\crossyroad 2.0\tile.cpp(79): warning C4996: 'strcpy': This function or variable may be unsafe. Consider using strcpy_s instead. To disable deprecation, use _CRT_SECURE_NO_WARNINGS. See online help for details.
  c:\program files (x86)\windows kits\10\include\10.0.17134.0\ucrt\string.h(133): note: 'strcpy' 선언을 참조하십시오.
d:\crossyroad\crossy-road\crossyroad 2.0\crossyroad 2.0\tile.cpp(80): warning C4996: 'sscanf': This function or variable may be unsafe. Consider using sscanf_s instead. To disable deprecation, use _CRT_SECURE_NO_WARNINGS. See online help for details.
  c:\program files (x86)\windows kits\10\include\10.0.17134.0\ucrt\stdio.h(2263): note: 'sscanf' 선언을 참조하십시오.
d:\crossyroad\crossy-road\crossyroad 2.0\crossyroad 2.0\tile.cpp(96): warning C4996: 'sscanf': This function or variable may be unsafe. Consider using sscanf_s instead. To disable deprecation, use _CRT_SECURE_NO_WARNINGS. See online help for details.
  c:\program files (x86)\windows kits\10\include\10.0.17134.0\ucrt\stdio.h(2263): note: 'sscanf' 선언을 참조하십시오.
  Time.cpp
d:\crossyroad\crossy-road\crossyroad 2.0\crossyroad 2.0\time.cpp(18): warning C4244: '=': 'double'에서 'float'(으)로 변환하면서 데이터가 손실될 수 있습니다.
  코드를 생성하고 있습니다...
LINK : fatal error LNK1104: 'freeglut.lib' 파일을 열 수 없습니다.
