d:\김태윤\수업폴더\1개월차\86기a\framework_bt\client\debug\client.pch
d:\김태윤\수업폴더\1개월차\86기a\framework_bt\client\debug\vc140.pdb
d:\김태윤\수업폴더\1개월차\86기a\framework_bt\client\debug\vc140.idb
d:\김태윤\수업폴더\1개월차\86기a\framework_bt\client\debug\stdafx.obj
d:\김태윤\수업폴더\1개월차\86기a\framework_bt\client\debug\client.obj
d:\김태윤\수업폴더\1개월차\86기a\framework_bt\client\debug\maingame.obj
d:\김태윤\수업폴더\1개월차\86기a\framework_bt\client\debug\obj.obj
d:\김태윤\수업폴더\1개월차\86기a\framework_bt\client\debug\player.obj
d:\김태윤\수업폴더\1개월차\86기a\framework_bt\client\debug\bullet.obj
d:\김태윤\수업폴더\1개월차\86기a\framework_bt\debug\client.ilk
d:\김태윤\수업폴더\1개월차\86기a\framework_bt\debug\client.exe
d:\김태윤\수업폴더\1개월차\86기a\framework_bt\debug\client.pdb
d:\김태윤\수업폴더\1개월차\86기a\framework_bt\client\debug\client.res
d:\김태윤\수업폴더\1개월차\86기a\framework_bt\client\debug\client.tlog\cl.command.1.tlog
d:\김태윤\수업폴더\1개월차\86기a\framework_bt\client\debug\client.tlog\cl.read.1.tlog
d:\김태윤\수업폴더\1개월차\86기a\framework_bt\client\debug\client.tlog\cl.write.1.tlog
d:\김태윤\수업폴더\1개월차\86기a\framework_bt\client\debug\client.tlog\link.command.1.tlog
d:\김태윤\수업폴더\1개월차\86기a\framework_bt\client\debug\client.tlog\link.read.1.tlog
d:\김태윤\수업폴더\1개월차\86기a\framework_bt\client\debug\client.tlog\link.write.1.tlog
d:\김태윤\수업폴더\1개월차\86기a\framework_bt\client\debug\client.tlog\rc.command.1.tlog
d:\김태윤\수업폴더\1개월차\86기a\framework_bt\client\debug\client.tlog\rc.read.1.tlog
d:\김태윤\수업폴더\1개월차\86기a\framework_bt\client\debug\client.tlog\rc.write.1.tlog
