  main.cpp
d:\crossyroad\crossy-road\crossyroad 2.0\crossyroad 2.0\global variable.h(12): warning C4244: '초기화 중': 'float'에서 'int'(으)로 변환하면서 데이터가 손실될 수 있습니다.
d:\crossyroad\crossy-road\crossyroad 2.0\crossyroad 2.0\main.cpp(96): warning C4244: '+=': 'double'에서 'int'(으)로 변환하면서 데이터가 손실될 수 있습니다.
d:\crossyroad\crossy-road\crossyroad 2.0\crossyroad 2.0\main.cpp(97): warning C4244: '+=': 'double'에서 'int'(으)로 변환하면서 데이터가 손실될 수 있습니다.
d:\crossyroad\crossy-road\crossyroad 2.0\crossyroad 2.0\main.cpp(100): warning C4244: '-=': 'double'에서 'int'(으)로 변환하면서 데이터가 손실될 수 있습니다.
d:\crossyroad\crossy-road\crossyroad 2.0\crossyroad 2.0\main.cpp(101): warning C4244: '-=': 'double'에서 'int'(으)로 변환하면서 데이터가 손실될 수 있습니다.
d:\crossyroad\crossy-road\crossyroad 2.0\crossyroad 2.0\main.cpp(104): warning C4244: '-=': 'double'에서 'int'(으)로 변환하면서 데이터가 손실될 수 있습니다.
d:\crossyroad\crossy-road\crossyroad 2.0\crossyroad 2.0\main.cpp(105): warning C4244: '-=': 'double'에서 'int'(으)로 변환하면서 데이터가 손실될 수 있습니다.
d:\crossyroad\crossy-road\crossyroad 2.0\crossyroad 2.0\main.cpp(108): warning C4244: '+=': 'double'에서 'int'(으)로 변환하면서 데이터가 손실될 수 있습니다.
d:\crossyroad\crossy-road\crossyroad 2.0\crossyroad 2.0\main.cpp(109): warning C4244: '+=': 'double'에서 'int'(으)로 변환하면서 데이터가 손실될 수 있습니다.
d:\crossyroad\crossy-road\crossyroad 2.0\crossyroad 2.0\main.cpp(112): warning C4244: '+=': 'double'에서 'int'(으)로 변환하면서 데이터가 손실될 수 있습니다.
d:\crossyroad\crossy-road\crossyroad 2.0\crossyroad 2.0\main.cpp(113): warning C4244: '+=': 'double'에서 'int'(으)로 변환하면서 데이터가 손실될 수 있습니다.
d:\crossyroad\crossy-road\crossyroad 2.0\crossyroad 2.0\main.cpp(116): warning C4244: '-=': 'double'에서 'int'(으)로 변환하면서 데이터가 손실될 수 있습니다.
d:\crossyroad\crossy-road\crossyroad 2.0\crossyroad 2.0\main.cpp(117): warning C4244: '-=': 'double'에서 'int'(으)로 변환하면서 데이터가 손실될 수 있습니다.
d:\crossyroad\crossy-road\crossyroad 2.0\crossyroad 2.0\main.cpp(120): warning C4244: '+=': 'double'에서 'int'(으)로 변환하면서 데이터가 손실될 수 있습니다.
d:\crossyroad\crossy-road\crossyroad 2.0\crossyroad 2.0\main.cpp(123): warning C4244: '-=': 'double'에서 'int'(으)로 변환하면서 데이터가 손실될 수 있습니다.
d:\crossyroad\crossy-road\crossyroad 2.0\crossyroad 2.0\main.cpp(127): warning C4244: '-=': 'double'에서 'int'(으)로 변환하면서 데이터가 손실될 수 있습니다.
d:\crossyroad\crossy-road\crossyroad 2.0\crossyroad 2.0\main.cpp(130): warning C4244: '+=': 'double'에서 'int'(으)로 변환하면서 데이터가 손실될 수 있습니다.
d:\crossyroad\crossy-road\crossyroad 2.0\crossyroad 2.0\main.cpp(134): warning C4244: '+=': 'double'에서 'int'(으)로 변환하면서 데이터가 손실될 수 있습니다.
d:\crossyroad\crossy-road\crossyroad 2.0\crossyroad 2.0\main.cpp(137): warning C4244: '-=': 'double'에서 'int'(으)로 변환하면서 데이터가 손실될 수 있습니다.
  코드를 생성하고 있습니다.
  12 of 192 functions ( 6.3%) were compiled, the rest were copied from previous compilation.
    0 functions were new in current compilation
    0 functions had inline decision re-evaluated but remain unchanged
  코드를 생성했습니다.
  CrossyRoad 2.0.vcxproj -> D:\CrossyRoad\Crossy-Road\CrossyRoad 2.0\Release\CrossyRoad 2.0.exe
